[debug] [2023-10-03T05:21:44.652Z] ----------------------------------------------------------------------
[debug] [2023-10-03T05:21:44.653Z] Command:       /usr/local/bin/firebase /Users/taitohaataja/.cache/firebase/tools/lib/node_modules/firebase-tools/lib/bin/firebase init
[debug] [2023-10-03T05:21:44.654Z] CLI Version:   12.6.1
[debug] [2023-10-03T05:21:44.654Z] Platform:      darwin
[debug] [2023-10-03T05:21:44.654Z] Node Version:  v16.16.0
[debug] [2023-10-03T05:21:44.655Z] Time:          Tue Oct 03 2023 08:21:44 GMT+0300 (Eastern European Summer Time)
[debug] [2023-10-03T05:21:44.656Z] ----------------------------------------------------------------------
[debug] 
[debug] [2023-10-03T05:21:44.720Z] > command requires scopes: ["email","openid","https://www.googleapis.com/auth/cloudplatformprojects.readonly","https://www.googleapis.com/auth/firebase","https://www.googleapis.com/auth/cloud-platform"]
[debug] [2023-10-03T05:21:44.720Z] > authorizing via signed-in user (tase64@gmail.com)
[info] 
     ######## #### ########  ######## ########     ###     ######  ########
     ##        ##  ##     ## ##       ##     ##  ##   ##  ##       ##
     ######    ##  ########  ######   ########  #########  ######  ######
     ##        ##  ##    ##  ##       ##     ## ##     ##       ## ##
     ##       #### ##     ## ######## ########  ##     ##  ######  ########

You're about to initialize a Firebase project in this directory:

  /Users/taitohaataja

Before we get started, keep in mind:

  * You are initializing within an existing Firebase project directory

